<?xml version="1.0" encoding="UTF-8"?>
<!-- Generated by org.testng.reporters.JUnitReportReporter -->
<testsuite hostname="Lenovo" failures="0" tests="2" name="com.internship.test.PlacementOfficerTest" time="30.022" errors="0" timestamp="2024-02-10T17:52:13 IST" skipped="0">
  <testcase classname="com.internship.test.PlacementOfficerTest" name="updatePlacementStatus" time="10.769"/>
  <testcase classname="com.internship.test.PlacementOfficerTest" name="updatePlacementStatusBackButton" time="19.253"/>
</testsuite> <!-- com.internship.test.PlacementOfficerTest -->
