<?xml version="1.0" encoding="UTF-8"?>
<!-- Generated by org.testng.reporters.JUnitReportReporter -->
<testsuite hostname="Lenovo" failures="0" tests="9" name="com.internship.test.TrainingHeadTest" time="84.106" errors="0" timestamp="2024-02-10T17:52:13 IST" skipped="0">
  <testcase classname="com.internship.test.TrainingHeadTest" name="addLearner" time="9.952"/>
  <testcase classname="com.internship.test.TrainingHeadTest" name="editLearnerDetails" time="9.729"/>
  <testcase classname="com.internship.test.TrainingHeadTest" name="addLearnerWithInvalidName" time="8.858"/>
  <testcase classname="com.internship.test.TrainingHeadTest" name="editLearnerDetailsBackButton" time="9.443"/>
  <testcase classname="com.internship.test.TrainingHeadTest" name="addcsv" time="8.901"/>
  <testcase classname="com.internship.test.TrainingHeadTest" name="deleteLearnerDetails" time="7.578"/>
  <testcase classname="com.internship.test.TrainingHeadTest" name="addLearnerWithInvalidLearnerid" time="9.339"/>
  <testcase classname="com.internship.test.TrainingHeadTest" name="cancelcsv" time="8.540"/>
  <testcase classname="com.internship.test.TrainingHeadTest" name="addLearnerBackButton" time="11.766"/>
</testsuite> <!-- com.internship.test.TrainingHeadTest -->
