<?xml version="1.0" encoding="UTF-8"?>
<!-- Generated by org.testng.reporters.JUnitReportReporter -->
<testsuite hostname="Lenovo" failures="0" tests="11" name="com.internship.test.LoginTest" time="89.084" errors="0" timestamp="2024-02-10T17:52:13 IST" skipped="0">
  <testcase classname="com.internship.test.LoginTest" name="validTrainingHeadLogin" time="7.651"/>
  <testcase classname="com.internship.test.LoginTest" name="validPlacementOfficerLogin" time="7.282"/>
  <testcase classname="com.internship.test.LoginTest" name="validAdminLogin" time="10.187"/>
  <testcase classname="com.internship.test.LoginTest" name="trainingHeadLoginInvalidUsername" time="6.849"/>
  <testcase classname="com.internship.test.LoginTest" name="placementOfficerLoginInvalidUsername" time="7.635"/>
  <testcase classname="com.internship.test.LoginTest" name="adminLoginInvalidUsername" time="7.423"/>
  <testcase classname="com.internship.test.LoginTest" name="adminLoginInvalidPassword" time="9.216"/>
  <testcase classname="com.internship.test.LoginTest" name="trainingHeadLoginInvalidPassword" time="9.528"/>
  <testcase classname="com.internship.test.LoginTest" name="placementOfficerLoginInvalidPassword" time="7.534"/>
  <testcase classname="com.internship.test.LoginTest" name="loginInvalidUsernameInvalidPassword" time="8.707"/>
  <testcase classname="com.internship.test.LoginTest" name="loginBlankUsernameBlankPassword" time="7.072"/>
</testsuite> <!-- com.internship.test.LoginTest -->
