<?xml version="1.0" encoding="UTF-8"?>
<!-- Generated by org.testng.reporters.JUnitReportReporter -->
<testsuite hostname="Lenovo" failures="0" tests="1" name="com.internship.test.TestBase" time="8.468" errors="0" timestamp="2024-01-31T23:52:04 IST" skipped="0">
  <testcase classname="com.internship.test.TestBase" name="setup" time="8.468"/>
</testsuite> <!-- com.internship.test.TestBase -->
