<?xml version="1.0" encoding="UTF-8"?>
<!-- Generated by org.testng.reporters.JUnitReportReporter -->
<testsuite hostname="Lenovo" failures="0" tests="10" name="com.internship.test.AdminTest" time="103.728" errors="0" timestamp="2024-02-10T17:52:13 IST" skipped="0">
  <testcase classname="com.internship.test.AdminTest" name="adminEditLearner" time="12.519"/>
  <testcase classname="com.internship.test.AdminTest" name="deleteUser" time="8.898"/>
  <testcase classname="com.internship.test.AdminTest" name="admiCSVCancel" time="10.105"/>
  <testcase classname="com.internship.test.AdminTest" name="adminAddLearnerCancel" time="10.048"/>
  <testcase classname="com.internship.test.AdminTest" name="editUser" time="10.816"/>
  <testcase classname="com.internship.test.AdminTest" name="addUser" time="11.073"/>
  <testcase classname="com.internship.test.AdminTest" name="adminUpdatePlacementStatus" time="10.066"/>
  <testcase classname="com.internship.test.AdminTest" name="adminDeleteLearner" time="9.838"/>
  <testcase classname="com.internship.test.AdminTest" name="adminAddLearner" time="10.320"/>
  <testcase classname="com.internship.test.AdminTest" name="adminAddCSV" time="10.045"/>
</testsuite> <!-- com.internship.test.AdminTest -->
