<?xml version="1.0" encoding="UTF-8"?>
<!-- Generated by org.testng.reporters.JUnitReportReporter -->
<testsuite hostname="Lenovo" failures="0" tests="3" name="com.internship.test.LogoutTest" time="21.597" errors="0" timestamp="2024-02-10T17:52:13 IST" skipped="0">
  <testcase classname="com.internship.test.LogoutTest" name="placementOfficerClickLogout" time="7.163"/>
  <testcase classname="com.internship.test.LogoutTest" name="adminClickLogout" time="7.012"/>
  <testcase classname="com.internship.test.LogoutTest" name="trainerClickLogout" time="7.422"/>
</testsuite> <!-- com.internship.test.LogoutTest -->
